[2023-11-20T15:00:22.381531+00:00] paymentApi.CRITICAL: Not found. [] []
[2023-11-20T15:05:13.271273+00:00] paymentApi.CRITICAL: Not found. [] []
[2023-11-24T12:54:03.902588+00:00] paymentApi.INFO: No payments found {"type":"error/no_payments_found","title":"List of payments","status":400,"detail":"","instance":"/v1/ payments"} []
[2023-11-24T12:54:12.161018+00:00] paymentApi.CRITICAL: Not found. [] []
[2023-11-24T12:54:31.904630+00:00] paymentApi.INFO: No methods found {"type":"error/no_methods_found","title":"List of methods","status":400,"detail":"","instance":"/v1/ methods"} []
[2023-11-24T12:54:41.558748+00:00] paymentApi.INFO: No methods found {"type":"error/no_methods_found","title":"List of methods","status":400,"detail":"","instance":"/v1/ methods"} []
[2023-11-24T12:54:46.037457+00:00] paymentApi.CRITICAL: Not found. [] []
[2023-11-24T12:59:21.924676+00:00] paymentApi.INFO: No baskets found {"type":"error/no_baskets_found","title":"List of baskets","status":400,"detail":"","instance":"/v1/ baskets"} []
[2023-11-24T12:59:28.850705+00:00] paymentApi.CRITICAL: Not found. [] []
[2023-11-24T12:59:54.403297+00:00] paymentApi.CRITICAL: Not found. [] []
[2023-11-24T13:00:03.117633+00:00] paymentApi.INFO: No baskets found {"type":"error/no_baskets_found","title":"List of baskets","status":400,"detail":"","instance":"/v1/ baskets"} []
[2023-11-24T13:00:07.056485+00:00] paymentApi.CRITICAL: Not found. [] []
[2023-11-24T13:00:35.379368+00:00] paymentApi.INFO: No payments found {"type":"error/no_payments_found","title":"List of payments","status":400,"detail":"","instance":"/v1/ payments"} []
[2023-11-24T13:01:23.103519+00:00] paymentApi.INFO: No methods found {"type":"error/no_methods_found","title":"List of methods","status":400,"detail":"","instance":"/v1/ methods"} []
[2023-11-24T19:06:27.116417+00:00] paymentApi.INFO: No  methods found {"type":"error/no_method_found_upon_update","title":"List of payment methods","status":400,"detail":null,"instance":"/v1/methods/{Id} "} []
[2023-11-24T19:29:28.383743+00:00] paymentApi.INFO: No  methods found {"type":"error/no_method_found_upon_update","title":"List of payment methods","status":400,"detail":null,"instance":"/v1/methods/{Id}"} []
[2023-11-24T19:30:10.191447+00:00] paymentApi.CRITICAL: Not found. [] []
[2023-11-24T19:33:42.730552+00:00] paymentApi.INFO: No  methods found {"type":"error/no_method_found_upon_update","title":"List of payment methods","status":400,"detail":null,"instance":"/v1/methods/{Id}"} []
[2023-11-24T20:57:37.922297+00:00] paymentApi.INFO: No customers found {"type":"error/no_customers_found","title":"List of customers","status":400,"detail":"","instance":"/v1/ customers"} []
[2023-11-24T20:59:04.055885+00:00] paymentApi.INFO: No customers found {"type":"error/no_customers_found","title":"List of customers","status":400,"detail":"","instance":"/v1/customers"} []
[2023-11-24T21:18:43.043350+00:00] paymentApi.INFO: No payments found {"type":"error/no_payments_found","title":"List of payments","status":400,"detail":"","instance":"/v1/payments"} []
[2023-11-24T21:21:32.743094+00:00] paymentApi.INFO: No baskets found {"type":"error/no_baskets_found","title":"List of baskets","status":400,"detail":"","instance":"/v1/baskets"} []
[2023-11-24T21:32:35.542249+00:00] paymentApi.CRITICAL: An exception occurred while executing a query: SQLSTATE[23000]: Integrity constraint violation: 1048 Column 'customer_id' cannot be null [] []
[2023-11-24T21:45:12.582764+00:00] paymentApi.INFO: No customers found {"type":"/errors/no_customers_found_upon_basket_creat","title":"Customer not found","status":404,"detail":"","instance":"/v1/basket"} []
[2023-11-24T22:24:23.735125+00:00] paymentApi.INFO: No methods found {"type":"error/no_methods_found","title":"List of methods","status":400,"detail":"","instance":"/v1/methods"} []
[2023-11-24T22:24:37.802759+00:00] paymentApi.INFO: No methods found {"type":"error/no_methods_found","title":"List of methods","status":400,"detail":"","instance":"/v1/methods"} []
[2023-11-24T22:24:44.456141+00:00] paymentApi.CRITICAL: Not found. [] []
